<?xml version="1.0" encoding="UTF-8"?>
<testsuite xmlns:xsi="http://www.w3.org/2001/XMLSchema-instance" xsi:noNamespaceSchemaLocation="https://maven.apache.org/surefire/maven-surefire-plugin/xsd/surefire-test-report.xsd" name="TestCases" time="12.629" tests="20" errors="0" skipped="0" failures="0">
  <properties>
[...]
</properties>
  <testcase name="basicChecks" classname="TestCases" time="0.066"/>
  <testcase name="registerCollege" classname="TestCases" time="9.135"/>
  <testcase name="registerCollegeException" classname="TestCases" time="0.08"/>
  <testcase name="getCollegeFromCollegeId" classname="TestCases" time="0.081"/>
  <testcase name="getCollegeFromCollegeIdException" classname="TestCases" time="0.04"/>
  <testcase name="getAllCollege" classname="TestCases" time="0.687"/>
  <testcase name="getAllCollegeException" classname="TestCases" time="0.101"/>
  <testcase name="registerStudentToCollege" classname="TestCases" time="0.21"/>
  <testcase name="registerStudentToCollegeException" classname="TestCases" time="0.246"/>
  <testcase name="getAllStudentsFromCollegeId" classname="TestCases" time="0.255"/>
  <testcase name="getAllStudentsFromCollegeIdException" classname="TestCases" time="0.174"/>
  <testcase name="registerStudent" classname="TestCases" time="0.057"/>
  <testcase name="registerStudentException" classname="TestCases" time="0.07"/>
  <testcase name="getStudentFromCollegeId" classname="TestCases" time="0.07"/>
  <testcase name="getStudentFromCollegeIdException" classname="TestCases" time="0.111"/>
  <testcase name="getAllActiveStudents" classname="TestCases" time="0.529"/>
  <testcase name="getAllActiveStudentsException" classname="TestCases" time="0.239"/>
  <testcase name="getCollegeFromStudentId" classname="TestCases" time="0.243"/>
  <testcase name="getCollegeFromStudentIdsException" classname="TestCases" time="0.193"/>
  <testcase name="buildScore" classname="TestCases" time="0.003"/>
</testsuite>